TN:
SF:src\features\auth\domain\services\CreateSessionsService.ts
FN:12,CreateSessionsService
FN:20,Object.<anonymous>.CreateSessionsService.execute
FNF:2
FNH:2
FNDA:3,CreateSessionsService
FNDA:3,Object.<anonymous>.CreateSessionsService.execute
DA:1,1
DA:2,1
DA:3,1
DA:4,1
DA:5,1
DA:6,1
DA:7,1
DA:8,1
DA:9,1
DA:10,1
DA:11,1
DA:12,1
DA:13,3
DA:14,3
DA:15,3
DA:16,3
DA:17,3
DA:18,3
DA:19,1
DA:20,1
DA:21,3
DA:22,3
DA:23,3
DA:24,3
DA:25,3
DA:26,3
DA:27,1
DA:28,1
DA:29,3
DA:30,3
DA:31,3
DA:32,3
DA:33,3
DA:34,3
DA:35,3
DA:36,1
DA:37,1
DA:38,1
DA:39,1
DA:40,1
DA:41,1
DA:42,1
DA:43,1
DA:44,1
DA:45,1
DA:46,1
DA:47,1
DA:48,1
DA:49,1
DA:50,1
DA:51,1
DA:52,3
DA:53,1
DA:54,1
DA:55,1
LF:55
LH:55
BRDA:11,0,0,1
BRDA:12,1,0,3
BRDA:20,2,0,3
BRDA:24,3,0,3
BRDA:26,4,0,1
BRDA:35,5,0,1
BRF:6
BRH:6
end_of_record
TN:
SF:src\features\messages\domain\services\CreateMessagesService.ts
FN:11,CreateMessagesService
FN:21,Object.<anonymous>.CreateMessagesService.execute
FNF:2
FNH:2
FNDA:2,CreateMessagesService
FNDA:2,Object.<anonymous>.CreateMessagesService.execute
DA:1,1
DA:2,1
DA:3,1
DA:4,1
DA:5,1
DA:6,1
DA:7,1
DA:8,1
DA:9,1
DA:10,1
DA:11,1
DA:12,2
DA:13,2
DA:14,2
DA:15,2
DA:16,2
DA:17,2
DA:18,2
DA:19,2
DA:20,1
DA:21,1
DA:22,2
DA:23,2
DA:24,2
DA:25,2
DA:26,2
DA:27,2
DA:28,2
DA:29,1
DA:30,1
DA:31,1
DA:32,1
DA:33,2
DA:34,2
DA:35,2
DA:36,2
DA:37,2
DA:38,2
DA:39,2
DA:40,2
DA:41,2
DA:42,2
DA:43,1
DA:44,1
DA:45,1
LF:45
LH:45
BRDA:10,0,0,1
BRDA:11,1,0,2
BRDA:21,2,0,2
BRDA:26,3,0,2
BRDA:28,4,0,1
BRF:5
BRH:5
end_of_record
TN:
SF:src\features\messages\domain\services\DeleteMessageService.ts
FN:9,DeleteMessageService
FN:15,Object.<anonymous>.DeleteMessageService.execute
FNF:2
FNH:2
FNDA:2,DeleteMessageService
FNDA:2,Object.<anonymous>.DeleteMessageService.execute
DA:1,1
DA:2,1
DA:3,1
DA:4,1
DA:5,1
DA:6,1
DA:7,1
DA:8,1
DA:9,1
DA:10,2
DA:11,2
DA:12,2
DA:13,2
DA:14,1
DA:15,1
DA:16,2
DA:17,2
DA:18,2
DA:19,1
DA:20,1
DA:21,1
DA:22,1
DA:23,2
DA:24,2
DA:25,2
DA:26,2
DA:27,1
DA:28,1
DA:29,1
LF:29
LH:29
BRDA:8,0,0,1
BRDA:9,1,0,2
BRDA:15,2,0,2
BRDA:16,3,0,2
BRDA:18,4,0,1
BRF:5
BRH:5
end_of_record
TN:
SF:src\features\messages\domain\services\ListMessagesService.ts
FN:8,ListMessagesService
FN:14,Object.<anonymous>.ListMessagesService.execute
FNF:2
FNH:2
FNDA:1,ListMessagesService
FNDA:1,Object.<anonymous>.ListMessagesService.execute
DA:1,1
DA:2,1
DA:3,1
DA:4,1
DA:5,1
DA:6,1
DA:7,1
DA:8,1
DA:9,1
DA:10,1
DA:11,1
DA:12,1
DA:13,1
DA:14,1
DA:15,1
DA:16,1
DA:17,1
DA:18,1
DA:19,1
DA:20,1
DA:21,1
DA:22,1
DA:23,1
DA:24,1
DA:25,1
DA:26,1
DA:27,1
DA:28,1
DA:29,1
LF:29
LH:29
BRDA:7,0,0,1
BRDA:8,1,0,1
BRDA:14,2,0,1
BRDA:15,3,0,1
BRDA:19,4,0,0
BRDA:25,5,0,1
BRF:6
BRH:5
end_of_record
TN:
SF:src\features\messages\domain\services\ShowMessageService.ts
FN:10,ShowMessageService
FN:16,Object.<anonymous>.ShowMessageService.execute
FNF:2
FNH:2
FNDA:2,ShowMessageService
FNDA:2,Object.<anonymous>.ShowMessageService.execute
DA:1,1
DA:2,1
DA:3,1
DA:4,1
DA:5,1
DA:6,1
DA:7,1
DA:8,1
DA:9,1
DA:10,1
DA:11,2
DA:12,2
DA:13,2
DA:14,2
DA:15,1
DA:16,1
DA:17,2
DA:18,2
DA:19,2
DA:20,2
DA:21,2
DA:22,2
DA:23,2
DA:24,2
DA:25,2
DA:26,2
DA:27,2
DA:28,0
DA:29,0
DA:30,2
DA:31,2
DA:32,2
DA:33,1
DA:34,1
DA:35,1
LF:35
LH:33
BRDA:9,0,0,1
BRDA:10,1,0,2
BRDA:16,2,0,2
BRDA:17,3,0,2
BRDA:21,4,0,0
BRDA:22,5,0,0
BRDA:27,6,0,0
BRF:7
BRH:4
end_of_record
TN:
SF:src\features\messages\domain\services\UpdateMessageService.ts
FN:10,UpdateMessageService
FN:16,Object.<anonymous>.UpdateMessageService.execute
FNF:2
FNH:2
FNDA:2,UpdateMessageService
FNDA:2,Object.<anonymous>.UpdateMessageService.execute
DA:1,1
DA:2,1
DA:3,1
DA:4,1
DA:5,1
DA:6,1
DA:7,1
DA:8,1
DA:9,1
DA:10,1
DA:11,2
DA:12,2
DA:13,2
DA:14,2
DA:15,1
DA:16,1
DA:17,2
DA:18,2
DA:19,2
DA:20,2
DA:21,2
DA:22,2
DA:23,2
DA:24,1
DA:25,1
DA:26,1
DA:27,1
DA:28,2
DA:29,2
DA:30,2
DA:31,2
DA:32,2
DA:33,2
DA:34,2
DA:35,2
DA:36,2
DA:37,1
DA:38,1
DA:39,1
LF:39
LH:39
BRDA:9,0,0,1
BRDA:10,1,0,2
BRDA:16,2,0,2
BRDA:21,3,0,2
BRDA:23,4,0,1
BRF:5
BRH:5
end_of_record
TN:
SF:src\features\users\domain\services\CreateUserService.ts
FN:10,CreateUserService
FN:17,Object.<anonymous>.CreateUserService.execute
FNF:2
FNH:2
FNDA:2,CreateUserService
FNDA:3,Object.<anonymous>.CreateUserService.execute
DA:1,1
DA:2,1
DA:3,1
DA:4,1
DA:5,1
DA:6,1
DA:7,1
DA:8,1
DA:9,1
DA:10,1
DA:11,2
DA:12,2
DA:13,2
DA:14,2
DA:15,2
DA:16,1
DA:17,1
DA:18,3
DA:19,3
DA:20,3
DA:21,1
DA:22,1
DA:23,2
DA:24,2
DA:25,3
DA:26,3
DA:27,3
DA:28,3
DA:29,3
DA:30,3
DA:31,3
DA:32,3
DA:33,3
DA:34,1
DA:35,1
DA:36,1
LF:36
LH:36
BRDA:9,0,0,1
BRDA:10,1,0,2
BRDA:17,2,0,3
BRDA:18,3,0,3
BRDA:20,4,0,1
BRDA:23,5,0,2
BRF:6
BRH:6
end_of_record
TN:
SF:src\features\users\domain\services\ListUsersService.ts
FN:7,ListUsersService
FN:12,Object.<anonymous>.ListUsersService.execute
FNF:2
FNH:2
FNDA:1,ListUsersService
FNDA:1,Object.<anonymous>.ListUsersService.execute
DA:1,1
DA:2,1
DA:3,1
DA:4,1
DA:5,1
DA:6,1
DA:7,1
DA:8,1
DA:9,1
DA:10,1
DA:11,1
DA:12,1
DA:13,1
DA:14,1
DA:15,1
DA:16,1
DA:17,1
DA:18,1
DA:19,1
LF:19
LH:19
BRDA:6,0,0,1
BRDA:7,1,0,1
BRDA:12,2,0,1
BRDA:13,3,0,1
BRF:4
BRH:4
end_of_record
